<?xml version="1.0" encoding="UTF-8"?>
<!-- Generated by org.testng.reporters.JUnitReportReporter -->
<testsuite hostname="DESKTOP-EH35RUG" name="SingletonProjectGetTest" tests="1" failures="0" timestamp="16 Oct 2017 19:54:12 GMT" time="0.004" errors="0">
  <testcase name="testGet" time="0.004" classname="SingletonProjectGetTest"/>
</testsuite> <!-- SingletonProjectGetTest -->
